  pch.cpp
  The contents of <optional> are available only with C++17 or later.
  main.cpp
  tr_proc_view.cpp
d:\GitHub\TombRaiderPV\src\tr_proc_view.cpp(8,6): error C2039: 'optional': is not a member of 'std'
C:\Program Files (x86)\Microsoft Visual Studio\2019\Community\VC\Tools\MSVC\14.26.28801\include\algorithm(28): message : see declaration of 'std'
d:\GitHub\TombRaiderPV\src\tr_proc_view.cpp(8,14): error C2988: unrecognizable template declaration/definition
d:\GitHub\TombRaiderPV\src\tr_proc_view.cpp(8,14): error C2143: syntax error: missing ';' before '<'
d:\GitHub\TombRaiderPV\src\tr_proc_view.cpp(8,14): error C2059: syntax error: '<'
d:\GitHub\TombRaiderPV\src\tr_proc_view.cpp(9,1): error C2143: syntax error: missing ';' before '{'
d:\GitHub\TombRaiderPV\src\tr_proc_view.cpp(9,1): error C2447: '{': missing function header (old-style formal list?)
d:\GitHub\TombRaiderPV\src\tr_proc_view.cpp(20,34): error C2065: 'ReadFromProcessMemory': undeclared identifier
d:\GitHub\TombRaiderPV\src\tr_proc_view.cpp(20,56): error C2275: 'uint32_t': illegal use of this type as an expression
C:\Program Files (x86)\Microsoft Visual Studio\2019\Community\VC\Tools\MSVC\14.26.28801\include\stdint.h(24): message : see declaration of 'uint32_t'
d:\GitHub\TombRaiderPV\src\tr_proc_view.cpp(21,4): error C3536: 'distanceFromTRproc': cannot be used before it is initialized
d:\GitHub\TombRaiderPV\src\tr_proc_view.cpp(28,2): error C4235: nonstandard extension used: '__asm' keyword not supported on this architecture
d:\GitHub\TombRaiderPV\src\tr_proc_view.cpp(30,3): error C2065: 'mov': undeclared identifier
d:\GitHub\TombRaiderPV\src\tr_proc_view.cpp(30,7): error C2146: syntax error: missing ';' before identifier 'eax'
d:\GitHub\TombRaiderPV\src\tr_proc_view.cpp(30,7): error C2065: 'eax': undeclared identifier
d:\GitHub\TombRaiderPV\src\tr_proc_view.cpp(31,3): error C2146: syntax error: missing ';' before identifier 'mul'
d:\GitHub\TombRaiderPV\src\tr_proc_view.cpp(31,3): error C2065: 'mul': undeclared identifier
d:\GitHub\TombRaiderPV\src\tr_proc_view.cpp(31,7): error C2146: syntax error: missing ';' before identifier 'distanceValue'
d:\GitHub\TombRaiderPV\src\tr_proc_view.cpp(32,3): error C2146: syntax error: missing ';' before identifier 'shr'
d:\GitHub\TombRaiderPV\src\tr_proc_view.cpp(32,3): error C2065: 'shr': undeclared identifier
d:\GitHub\TombRaiderPV\src\tr_proc_view.cpp(32,7): error C2146: syntax error: missing ';' before identifier 'edx'
d:\GitHub\TombRaiderPV\src\tr_proc_view.cpp(32,7): error C2065: 'edx': undeclared identifier
d:\GitHub\TombRaiderPV\src\tr_proc_view.cpp(33,3): error C2146: syntax error: missing ';' before identifier 'mov'
d:\GitHub\TombRaiderPV\src\tr_proc_view.cpp(33,3): error C2065: 'mov': undeclared identifier
d:\GitHub\TombRaiderPV\src\tr_proc_view.cpp(33,7): error C2146: syntax error: missing ';' before identifier 'distanceTravelled'
d:\GitHub\TombRaiderPV\src\tr_proc_view.cpp(33,7): error C2065: 'distanceTravelled': undeclared identifier
d:\GitHub\TombRaiderPV\src\tr_proc_view.cpp(33,26): error C2065: 'edx': undeclared identifier
d:\GitHub\TombRaiderPV\src\tr_proc_view.cpp(34,2): error C2988: unrecognizable template declaration/definition
d:\GitHub\TombRaiderPV\src\tr_proc_view.cpp(34,2): error C2143: syntax error: missing ';' before '}'
d:\GitHub\TombRaiderPV\src\tr_proc_view.cpp(36,9): error C2065: 'distanceTravelled': undeclared identifier
d:\GitHub\TombRaiderPV\src\tr_proc_view.cpp(41,31): error C2065: 'ReadFromProcessMemory': undeclared identifier
d:\GitHub\TombRaiderPV\src\tr_proc_view.cpp(41,53): error C2275: 'uint32_t': illegal use of this type as an expression
C:\Program Files (x86)\Microsoft Visual Studio\2019\Community\VC\Tools\MSVC\14.26.28801\include\stdint.h(24): message : see declaration of 'uint32_t'
d:\GitHub\TombRaiderPV\src\tr_proc_view.cpp(42,4): error C3536: 'timeTakenTRproc': cannot be used before it is initialized
d:\GitHub\TombRaiderPV\src\tr_proc_view.cpp(48,2): error C4235: nonstandard extension used: '__asm' keyword not supported on this architecture
d:\GitHub\TombRaiderPV\src\tr_proc_view.cpp(50,3): error C2065: 'mov': undeclared identifier
d:\GitHub\TombRaiderPV\src\tr_proc_view.cpp(50,7): error C2146: syntax error: missing ';' before identifier 'eax'
d:\GitHub\TombRaiderPV\src\tr_proc_view.cpp(50,7): error C2065: 'eax': undeclared identifier
d:\GitHub\TombRaiderPV\src\tr_proc_view.cpp(51,3): error C2146: syntax error: missing ';' before identifier 'mul'
d:\GitHub\TombRaiderPV\src\tr_proc_view.cpp(51,3): error C2065: 'mul': undeclared identifier
d:\GitHub\TombRaiderPV\src\tr_proc_view.cpp(51,7): error C2146: syntax error: missing ';' before identifier 'timeTakenValue'
d:\GitHub\TombRaiderPV\src\tr_proc_view.cpp(52,3): error C2146: syntax error: missing ';' before identifier 'mov'
d:\GitHub\TombRaiderPV\src\tr_proc_view.cpp(52,3): error C2065: 'mov': undeclared identifier
d:\GitHub\TombRaiderPV\src\tr_proc_view.cpp(52,7): error C2146: syntax error: missing ';' before identifier 'ecx'
d:\GitHub\TombRaiderPV\src\tr_proc_view.cpp(52,7): error C2065: 'ecx': undeclared identifier
d:\GitHub\TombRaiderPV\src\tr_proc_view.cpp(52,12): error C2065: 'edx': undeclared identifier
d:\GitHub\TombRaiderPV\src\tr_proc_view.cpp(53,3): error C2146: syntax error: missing ';' before identifier 'mov'
d:\GitHub\TombRaiderPV\src\tr_proc_view.cpp(53,3): error C2065: 'mov': undeclared identifier
d:\GitHub\TombRaiderPV\src\tr_proc_view.cpp(53,7): error C2146: syntax error: missing ';' before identifier 'eax'
d:\GitHub\TombRaiderPV\src\tr_proc_view.cpp(53,7): error C2065: 'eax': undeclared identifier
d:\GitHub\TombRaiderPV\src\tr_proc_view.cpp(54,3): error C2146: syntax error: missing ';' before identifier 'shr'
d:\GitHub\TombRaiderPV\src\tr_proc_view.cpp(54,3): error C2065: 'shr': undeclared identifier
d:\GitHub\TombRaiderPV\src\tr_proc_view.cpp(54,7): error C2146: syntax error: missing ';' before identifier 'ecx'
d:\GitHub\TombRaiderPV\src\tr_proc_view.cpp(54,7): error C2065: 'ecx': undeclared identifier
d:\GitHub\TombRaiderPV\src\tr_proc_view.cpp(55,3): error C2146: syntax error: missing ';' before identifier 'imul'
d:\GitHub\TombRaiderPV\src\tr_proc_view.cpp(55,3): error C2065: 'imul': undeclared identifier
d:\GitHub\TombRaiderPV\src\tr_proc_view.cpp(55,8): error C2146: syntax error: missing ';' before identifier 'ecx'
d:\GitHub\TombRaiderPV\src\tr_proc_view.cpp(55,8): error C2065: 'ecx': undeclared identifier
d:\GitHub\TombRaiderPV\src\tr_proc_view.cpp(56,3): error C2146: syntax error: missing ';' before identifier 'add'
d:\GitHub\TombRaiderPV\src\tr_proc_view.cpp(56,3): error C2065: 'add': undeclared identifier
d:\GitHub\TombRaiderPV\src\tr_proc_view.cpp(56,7): error C2146: syntax error: missing ';' before identifier 'edx'
d:\GitHub\TombRaiderPV\src\tr_proc_view.cpp(56,7): error C2065: 'edx': undeclared identifier
d:\GitHub\TombRaiderPV\src\tr_proc_view.cpp(56,12): error C2065: 'ecx': undeclared identifier
d:\GitHub\TombRaiderPV\src\tr_proc_view.cpp(58,3): error C2146: syntax error: missing ';' before identifier 'mov'
d:\GitHub\TombRaiderPV\src\tr_proc_view.cpp(58,3): error C2065: 'mov': undeclared identifier
d:\GitHub\TombRaiderPV\src\tr_proc_view.cpp(58,7): error C2146: syntax error: missing ';' before identifier 'timeTakenSeconds'
d:\GitHub\TombRaiderPV\src\tr_proc_view.cpp(58,7): error C2065: 'timeTakenSeconds': undeclared identifier
d:\GitHub\TombRaiderPV\src\tr_proc_view.cpp(58,25): error C2065: 'ecx': undeclared identifier
d:\GitHub\TombRaiderPV\src\tr_proc_view.cpp(59,2): error C2988: unrecognizable template declaration/definition
d:\GitHub\TombRaiderPV\src\tr_proc_view.cpp(59,2): error C2143: syntax error: missing ';' before '}'
d:\GitHub\TombRaiderPV\src\tr_proc_view.cpp(62,2): error C2065: 'ss': undeclared identifier
d:\GitHub\TombRaiderPV\src\tr_proc_view.cpp(62,46): error C2065: 'timeTakenSeconds': undeclared identifier
d:\GitHub\TombRaiderPV\src\tr_proc_view.cpp(63,44): error C2065: 'timeTakenSeconds': undeclared identifier
d:\GitHub\TombRaiderPV\src\tr_proc_view.cpp(64,44): error C2065: 'timeTakenSeconds': undeclared identifier
d:\GitHub\TombRaiderPV\src\tr_proc_view.cpp(66,21): error C2065: 'ss': undeclared identifier
d:\GitHub\TombRaiderPV\src\tr_proc_view.cpp(71,31): error C2065: 'ReadFromProcessMemory': undeclared identifier
d:\GitHub\TombRaiderPV\src\tr_proc_view.cpp(71,53): error C2275: 'uint32_t': illegal use of this type as an expression
C:\Program Files (x86)\Microsoft Visual Studio\2019\Community\VC\Tools\MSVC\14.26.28801\include\stdint.h(24): message : see declaration of 'uint32_t'
d:\GitHub\TombRaiderPV\src\tr_proc_view.cpp(72,4): error C3536: 'namesOffsetAddr': cannot be used before it is initialized
d:\GitHub\TombRaiderPV\src\tr_proc_view.cpp(75,31): error C2065: 'ReadFromProcessMemory': undeclared identifier
d:\GitHub\TombRaiderPV\src\tr_proc_view.cpp(75,53): error C2275: 'uint32_t': illegal use of this type as an expression
C:\Program Files (x86)\Microsoft Visual Studio\2019\Community\VC\Tools\MSVC\14.26.28801\include\stdint.h(24): message : see declaration of 'uint32_t'
d:\GitHub\TombRaiderPV\src\tr_proc_view.cpp(77,4): error C3536: 'currentLevelIdx': cannot be used before it is initialized
d:\GitHub\TombRaiderPV\src\tr_proc_view.cpp(83,90): error C2065: 'addrOfLevelNameStr': undeclared identifier
d:\GitHub\TombRaiderPV\src\tr_proc_view.cpp(88,42): error C2065: 'addrOfLevelNameStr': undeclared identifier
d:\GitHub\TombRaiderPV\src\tr_proc_view.cpp(88,62): error C2065: 'currentLevelNameBuffer': undeclared identifier
d:\GitHub\TombRaiderPV\src\tr_proc_view.cpp(91,56): error C2065: 'currentLevelNameBuffer': undeclared identifier
d:\GitHub\TombRaiderPV\src\tr_proc_view.cpp(98,28): error C2065: 'ReadFromProcessMemory': undeclared identifier
d:\GitHub\TombRaiderPV\src\tr_proc_view.cpp(98,50): error C2275: 'uint16_t': illegal use of this type as an expression
C:\Program Files (x86)\Microsoft Visual Studio\2019\Community\VC\Tools\MSVC\14.26.28801\include\stdint.h(23): message : see declaration of 'uint16_t'
d:\GitHub\TombRaiderPV\src\tr_proc_view.cpp(99,4): error C3536: 'secretsValue': cannot be used before it is initialized
d:\GitHub\TombRaiderPV\src\tr_proc_view.cpp(120,24): error C2065: 'ReadFromProcessMemory': undeclared identifier
d:\GitHub\TombRaiderPV\src\tr_proc_view.cpp(120,46): error C2275: 'uint32_t': illegal use of this type as an expression
C:\Program Files (x86)\Microsoft Visual Studio\2019\Community\VC\Tools\MSVC\14.26.28801\include\stdint.h(24): message : see declaration of 'uint32_t'
d:\GitHub\TombRaiderPV\src\tr_proc_view.cpp(121,4): error C3536: 'baseAddr': cannot be used before it is initialized
d:\GitHub\TombRaiderPV\src\tr_proc_view.cpp(127,88): error C2065: 'playerInfo': undeclared identifier
d:\GitHub\TombRaiderPV\src\tr_proc_view.cpp(127,108): error C2065: 'playerInfo': undeclared identifier
d:\GitHub\TombRaiderPV\src\tr_proc_view.cpp(131,2): error C2065: 'playerInfo': undeclared identifier
d:\GitHub\TombRaiderPV\src\tr_proc_view.cpp(131,40): error C2065: 'playerInfo': undeclared identifier
d:\GitHub\TombRaiderPV\src\tr_proc_view.cpp(135,2): error C4235: nonstandard extension used: '__asm' keyword not supported on this architecture
d:\GitHub\TombRaiderPV\src\tr_proc_view.cpp(137,3): error C2065: 'mov': undeclared identifier
d:\GitHub\TombRaiderPV\src\tr_proc_view.cpp(137,7): error C2146: syntax error: missing ';' before identifier 'eax'
d:\GitHub\TombRaiderPV\src\tr_proc_view.cpp(137,7): error C2065: 'eax': undeclared identifier
d:\GitHub\TombRaiderPV\src\tr_proc_view.cpp(138,3): error C2146: syntax error: missing ';' before identifier 'movzx'
d:\GitHub\TombRaiderPV\src\tr_proc_view.cpp(138,3): error C2065: 'movzx': undeclared identifier
d:\GitHub\TombRaiderPV\src\tr_proc_view.cpp(138,9): error C2146: syntax error: missing ';' before identifier 'ecx'
d:\GitHub\TombRaiderPV\src\tr_proc_view.cpp(138,9): error C2065: 'ecx': undeclared identifier
d:\GitHub\TombRaiderPV\src\tr_proc_view.cpp(138,14): error C2065: 'playerInfo': undeclared identifier
d:\GitHub\TombRaiderPV\src\tr_proc_view.cpp(139,3): error C2146: syntax error: missing ';' before identifier 'imul'
d:\GitHub\TombRaiderPV\src\tr_proc_view.cpp(139,3): error C2065: 'imul': undeclared identifier
d:\GitHub\TombRaiderPV\src\tr_proc_view.cpp(139,8): error C2146: syntax error: missing ';' before identifier 'ecx'
d:\GitHub\TombRaiderPV\src\tr_proc_view.cpp(140,3): fatal error C1003: error count exceeds 100; stopping compilation
  winapi.cpp
d:\GitHub\TombRaiderPV\src\winapi.cpp(75,84): warning C4312: 'reinterpret_cast': conversion from 'uint32_t' to 'LPCVOID' of greater size
  Generating Code...
